TN:
SF:C:\Business\Projects\contact-form\src\components\ContactForm.vue
FN:58,(anonymous_1)
FN:93,(anonymous_2)
FN:98,(anonymous_3)
FN:106,(anonymous_4)
FN:108,(anonymous_5)
FN:110,(anonymous_6)
FN:112,(anonymous_7)
FNF:7
FNH:1
FNDA:1,(anonymous_1)
FNDA:0,(anonymous_2)
FNDA:0,(anonymous_3)
FNDA:0,(anonymous_4)
FNDA:0,(anonymous_5)
FNDA:0,(anonymous_6)
FNDA:0,(anonymous_7)
DA:53,1
DA:59,1
DA:94,0
DA:99,0
DA:105,0
DA:106,0
DA:109,0
DA:110,0
DA:113,0
DA:114,0
DA:115,0
DA:116,0
DA:117,0
DA:123,0
DA:127,0
DA:132,0
DA:134,0
DA:140,0
LF:18
LH:2
BRDA:114,0,0,0
BRDA:114,0,1,0
BRF:2
BRH:0
end_of_record
TN:
SF:C:\Business\Projects\contact-form\src\components\InputField.vue
FN:64,(anonymous_1)
FN:71,(anonymous_2)
FN:78,(anonymous_3)
FN:83,(anonymous_4)
FN:90,(anonymous_5)
FN:93,(anonymous_6)
FN:112,(anonymous_7)
FNF:7
FNH:4
FNDA:4,(anonymous_1)
FNDA:1,(anonymous_2)
FNDA:0,(anonymous_3)
FNDA:0,(anonymous_4)
FNDA:1,(anonymous_5)
FNDA:1,(anonymous_6)
FNDA:0,(anonymous_7)
DA:33,1
DA:65,4
DA:72,1
DA:73,1
DA:79,0
DA:84,0
DA:85,0
DA:86,0
DA:91,1
DA:95,1
DA:96,1
DA:100,0
DA:103,0
DA:107,0
DA:113,0
LF:15
LH:7
BRDA:72,0,0,1
BRDA:72,0,1,0
BRDA:72,1,0,1
BRDA:72,1,1,1
BRDA:103,2,0,0
BRDA:103,2,1,0
BRDA:103,3,0,0
BRDA:103,3,1,0
BRF:8
BRH:3
end_of_record
TN:
SF:C:\Business\Projects\contact-form\src\mixins\InputValidationMixin.js
FN:4,(anonymous_0)
FN:42,(anonymous_1)
FNF:2
FNH:0
FNDA:0,(anonymous_0)
FNDA:0,(anonymous_1)
DA:6,0
DA:7,0
DA:11,0
DA:12,0
DA:16,0
DA:21,0
DA:27,0
DA:31,0
DA:37,0
DA:38,0
DA:44,0
DA:46,0
DA:47,0
LF:13
LH:0
BRDA:6,0,0,0
BRDA:6,0,1,0
BRDA:6,1,0,0
BRDA:6,1,1,0
BRDA:11,2,0,0
BRDA:11,2,1,0
BRDA:11,3,0,0
BRDA:11,3,1,0
BRDA:16,4,0,0
BRDA:16,4,1,0
BRDA:17,5,0,0
BRDA:17,5,1,0
BRDA:17,5,2,0
BRDA:27,6,0,0
BRDA:27,6,1,0
BRDA:28,7,0,0
BRDA:28,7,1,0
BRDA:37,8,0,0
BRDA:37,8,1,0
BRDA:37,9,0,0
BRDA:37,9,1,0
BRDA:46,10,0,0
BRDA:46,10,1,0
BRF:23
BRH:0
end_of_record
